[debug] [2023-12-24T08:50:16.149Z] ----------------------------------------------------------------------
[debug] [2023-12-24T08:50:16.151Z] Command:       /usr/local/bin/node /usr/local/bin/firebase init
[debug] [2023-12-24T08:50:16.151Z] CLI Version:   13.0.2
[debug] [2023-12-24T08:50:16.151Z] Platform:      darwin
[debug] [2023-12-24T08:50:16.151Z] Node Version:  v20.8.0
[debug] [2023-12-24T08:50:16.151Z] Time:          Sun Dec 24 2023 14:20:16 GMT+0530 (India Standard Time)
[debug] [2023-12-24T08:50:16.151Z] ----------------------------------------------------------------------
[debug] 
[debug] [2023-12-24T08:50:16.153Z] > command requires scopes: ["email","openid","https://www.googleapis.com/auth/cloudplatformprojects.readonly","https://www.googleapis.com/auth/firebase","https://www.googleapis.com/auth/cloud-platform"]
[debug] [2023-12-24T08:50:16.153Z] > authorizing via signed-in user (abhinavay2003@gmail.com)
[info] 
     ######## #### ########  ######## ########     ###     ######  ########
     ##        ##  ##     ## ##       ##     ##  ##   ##  ##       ##
     ######    ##  ########  ######   ########  #########  ######  ######
     ##        ##  ##    ##  ##       ##     ## ##     ##       ## ##
     ##       #### ##     ## ######## ########  ##     ##  ######  ########

You're about to initialize a Firebase project in this directory:

  /Users/abhinavyadav/Developer/WebDev/React/React Projects/Expense-Tracker

[info] 
=== Project Setup
[info] 
[info] First, let's associate this project directory with a Firebase project.
[info] You can create multiple project aliases by running firebase use --add, 
[info] but for now we'll just set up a default project.
[info] 
[debug] [2023-12-24T08:51:16.438Z] > refreshing access token with scopes: []
[debug] [2023-12-24T08:51:16.441Z] >>> [apiv2][query] POST https://www.googleapis.com/oauth2/v3/token [none]
[debug] [2023-12-24T08:51:16.442Z] >>> [apiv2][body] POST https://www.googleapis.com/oauth2/v3/token [omitted]
[debug] [2023-12-24T08:51:17.494Z] <<< [apiv2][status] POST https://www.googleapis.com/oauth2/v3/token 200
[debug] [2023-12-24T08:51:17.494Z] <<< [apiv2][body] POST https://www.googleapis.com/oauth2/v3/token [omitted]
[debug] [2023-12-24T08:51:17.505Z] >>> [apiv2][query] GET https://firebase.googleapis.com/v1beta1/projects pageSize=100
[debug] [2023-12-24T08:51:18.564Z] <<< [apiv2][status] GET https://firebase.googleapis.com/v1beta1/projects 200
[debug] [2023-12-24T08:51:18.565Z] <<< [apiv2][body] GET https://firebase.googleapis.com/v1beta1/projects [omitted]
[info] i  Using project expense-tracker-11f35 (expense-tracker) 
[info] 
=== Hosting Setup
[debug] [2023-12-24T08:51:22.426Z] >>> [apiv2][query] GET https://firebase.googleapis.com/v1beta1/projects/expense-tracker-11f35 [none]
[debug] [2023-12-24T08:51:23.044Z] <<< [apiv2][status] GET https://firebase.googleapis.com/v1beta1/projects/expense-tracker-11f35 200
[debug] [2023-12-24T08:51:23.044Z] <<< [apiv2][body] GET https://firebase.googleapis.com/v1beta1/projects/expense-tracker-11f35 {"projectId":"expense-tracker-11f35","projectNumber":"54818719199","displayName":"expense-tracker","name":"projects/expense-tracker-11f35","resources":{"hostingSite":"expense-tracker-11f35"},"state":"ACTIVE","etag":"1_0a92beb9-298d-445c-a4d3-0bcf32853395"}
[info] 
[info] Your public directory is the folder (relative to your project directory) that
[info] will contain Hosting assets to be uploaded with firebase deploy. If you
[info] have a build process for your assets, use your build's output directory.
[info] 
[info] ✔  Wrote public/404.html 
[debug] [2023-12-24T08:52:09.251Z] >>> [apiv2][query] GET https://www.gstatic.com/firebasejs/releases.json [none]
[debug] [2023-12-24T08:52:09.796Z] <<< [apiv2][status] GET https://www.gstatic.com/firebasejs/releases.json 200
[debug] [2023-12-24T08:52:09.797Z] <<< [apiv2][body] GET https://www.gstatic.com/firebasejs/releases.json {"current":{"version":"10.7.1","browserURL":"https://www.gstatic.com/firebasejs/10.7.1/firebase.js","packageURL":"https://www.gstatic.com/firebasejs/10.7.1/firebase.tgz"},"live":{"version":"10.7","browserURL":"https://www.gstatic.com/firebasejs/live/10.7/firebase.js","packageURL":"https://www.gstatic.com/firebasejs/live/10.7/firebase.tgz"},"components":{"analytics":"https://www.gstatic.com/firebasejs/10.7.1/firebase-analytics.js","app":"https://www.gstatic.com/firebasejs/10.7.1/firebase-app.js","app-check":"https://www.gstatic.com/firebasejs/10.7.1/firebase-app-check.js","auth":"https://www.gstatic.com/firebasejs/10.7.1/firebase-auth.js","auth/cordova":"https://www.gstatic.com/firebasejs/10.7.1/firebase-auth/cordova.js","functions":"https://www.gstatic.com/firebasejs/10.7.1/firebase-functions.js","firestore":"https://www.gstatic.com/firebasejs/10.7.1/firebase-firestore.js","firestore/lite":"https://www.gstatic.com/firebasejs/10.7.1/firebase-firestore/lite.js","installations":"https://www.gstatic.com/firebasejs/10.7.1/firebase-installations.js","storage":"https://www.gstatic.com/firebasejs/10.7.1/firebase-storage.js","performance":"https://www.gstatic.com/firebasejs/10.7.1/firebase-performance.js","remote-config":"https://www.gstatic.com/firebasejs/10.7.1/firebase-remote-config.js","messaging":"https://www.gstatic.com/firebasejs/10.7.1/firebase-messaging.js","messaging/sw":"https://www.gstatic.com/firebasejs/10.7.1/firebase-messaging/sw.js","database":"https://www.gstatic.com/firebasejs/10.7.1/firebase-database.js","firestore.memory":"https://www.gstatic.com/firebasejs/10.7.1/firebase-firestore.memory.js"}}
[info] ✔  Wrote public/index.html 
[info] 
[info] i  Didn't detect a .git folder. Assuming /Users/abhinavyadav/Developer/WebDev/React/React Projects/Expense-Tracker is the project root. 
[info] i  Authorizing with GitHub to upload your service account to a GitHub repository's secrets store. 
[info] 
[info] Visit this URL on this device to log in:
[info] https://github.com/login/oauth/authorize?client_id=89cf50f02ac6aaed3484&state=364659400&redirect_uri=http%3A%2F%2Flocalhost%3A9005&scope=read%3Auser%20repo%20public_repo
[info] 
[info] Waiting for authentication...
[debug] [2023-12-24T08:52:53.757Z] >>> [apiv2][query] POST https://github.com/login/oauth/access_token [none]
[debug] [2023-12-24T08:52:53.757Z] >>> [apiv2][body] POST https://github.com/login/oauth/access_token [stream]
[debug] [2023-12-24T08:52:54.501Z] <<< [apiv2][status] POST https://github.com/login/oauth/access_token 200
[debug] [2023-12-24T08:52:54.502Z] <<< [apiv2][body] POST https://github.com/login/oauth/access_token {"access_token":"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","token_type":"bearer","scope":"read:user,repo"}
[debug] [2023-12-24T08:52:54.512Z] >>> [apiv2][query] GET https://api.github.com/user [none]
[debug] [2023-12-24T08:52:55.229Z] <<< [apiv2][status] GET https://api.github.com/user 200
[debug] [2023-12-24T08:52:55.230Z] <<< [apiv2][body] GET https://api.github.com/user {"login":"abhinav7895","id":105491712,"node_id":"U_kgDOBkmtAA","avatar_url":"https://avatars.githubusercontent.com/u/105491712?v=4","gravatar_id":"","url":"https://api.github.com/users/abhinav7895","html_url":"https://github.com/abhinav7895","followers_url":"https://api.github.com/users/abhinav7895/followers","following_url":"https://api.github.com/users/abhinav7895/following{/other_user}","gists_url":"https://api.github.com/users/abhinav7895/gists{/gist_id}","starred_url":"https://api.github.com/users/abhinav7895/starred{/owner}{/repo}","subscriptions_url":"https://api.github.com/users/abhinav7895/subscriptions","organizations_url":"https://api.github.com/users/abhinav7895/orgs","repos_url":"https://api.github.com/users/abhinav7895/repos","events_url":"https://api.github.com/users/abhinav7895/events{/privacy}","received_events_url":"https://api.github.com/users/abhinav7895/received_events","type":"User","site_admin":false,"name":"Abhinav Yadav","company":null,"blog":"https://bio.link/abhinavyadav","location":"India","email":null,"hireable":null,"bio":null,"twitter_username":"abhinavvay","public_repos":5,"public_gists":0,"followers":0,"following":0,"created_at":"2022-05-13T10:22:18Z","updated_at":"2023-12-13T13:28:45Z","private_gists":0,"total_private_repos":0,"owned_private_repos":0,"disk_usage":23110,"collaborators":0,"two_factor_authentication":false,"plan":{"name":"pro","space":976562499,"collaborators":0,"private_repos":9999}}
[info] 
[info] ✔  Success! Logged into GitHub as abhinav7895 
[info] 
